# JRE version: Java(TM) SE Runtime Environment (8.0_171-b11) (build 1.8.0_171-b11)
# Java VM: Java HotSpot(TM) 64-Bit Server VM (25.171-b11 mixed mode windows-amd64 compressed oops)
Heap:
 PSYoungGen      total 292864K, used 179232K [0x00000000d5c00000, 0x00000000f8380000, 0x0000000100000000)
  eden space 80896K, 0% used [0x00000000d5c00000,0x00000000d5c00000,0x00000000dab00000)
  from space 211968K, 84% used [0x00000000e8c00000,0x00000000f3b08000,0x00000000f5b00000)
  to   space 230400K, 0% used [0x00000000dab00000,0x00000000dab08000,0x00000000e8c00000)
 ParOldGen       total 551424K, used 465967K [0x0000000081400000, 0x00000000a2e80000, 0x00000000d5c00000)
  object space 551424K, 84% used [0x0000000081400000,0x000000009db0fe90,0x00000000a2e80000)
 Metaspace       used 2598K, capacity 4494K, committed 4864K, reserved 1056768K
  class space    used 288K, capacity 386K, committed 512K, reserved 1048576K
GC Heap History (10 events):
Event: 6.060 GC heap after
Heap after GC invocations=9 (full 3):
 PSYoungGen      total 189440K, used 0K [0x00000000d5c00000, 0x00000000ef480000, 0x0000000100000000)
  eden space 84992K, 0% used [0x00000000d5c00000,0x00000000d5c00000,0x00000000daf00000)
  from space 104448K, 0% used [0x00000000e3000000,0x00000000e3000000,0x00000000e9600000)
  to   space 132096K, 0% used [0x00000000daf00000,0x00000000daf00000,0x00000000e3000000)
 ParOldGen       total 551424K, used 288251K [0x0000000081400000, 0x00000000a2e80000, 0x00000000d5c00000)
  object space 551424K, 52% used [0x0000000081400000,0x0000000092d7eec8,0x00000000a2e80000)
 Metaspace       used 2598K, capacity 4494K, committed 4864K, reserved 1056768K
  class space    used 288K, capacity 386K, committed 512K, reserved 1048576K
}
Event: 6.149 GC heap before
{Heap before GC invocations=10 (full 3):
 PSYoungGen      total 189440K, used 84992K [0x00000000d5c00000, 0x00000000ef480000, 0x0000000100000000)
  eden space 84992K, 100% used [0x00000000d5c00000,0x00000000daf00000,0x00000000daf00000)
  from space 104448K, 0% used [0x00000000e3000000,0x00000000e3000000,0x00000000e9600000)
  to   space 132096K, 0% used [0x00000000daf00000,0x00000000daf00000,0x00000000e3000000)
 ParOldGen       total 551424K, used 288251K [0x0000000081400000, 0x00000000a2e80000, 0x00000000d5c00000)
  object space 551424K, 52% used [0x0000000081400000,0x0000000092d7eec8,0x00000000a2e80000)
 Metaspace       used 2598K, capacity 4494K, committed 4864K, reserved 1056768K
  class space    used 288K, capacity 386K, committed 512K, reserved 1048576K
Event: 6.643 GC heap after
Heap after GC invocations=10 (full 3):
 PSYoungGen      total 217088K, used 85184K [0x00000000d5c00000, 0x00000000ecd00000, 0x0000000100000000)
  eden space 84992K, 0% used [0x00000000d5c00000,0x00000000d5c00000,0x00000000daf00000)
  from space 132096K, 64% used [0x00000000daf00000,0x00000000e0230000,0x00000000e3000000)
  to   space 133120K, 0% used [0x00000000e4b00000,0x00000000e4b00000,0x00000000ecd00000)
 ParOldGen       total 551424K, used 288251K [0x0000000081400000, 0x00000000a2e80000, 0x00000000d5c00000)
  object space 551424K, 52% used [0x0000000081400000,0x0000000092d7eec8,0x00000000a2e80000)
 Metaspace       used 2598K, capacity 4494K, committed 4864K, reserved 1056768K
  class space    used 288K, capacity 386K, committed 512K, reserved 1048576K
}
Event: 6.807 GC heap before
{Heap before GC invocations=11 (full 3):
 PSYoungGen      total 217088K, used 170176K [0x00000000d5c00000, 0x00000000ecd00000, 0x0000000100000000)
  eden space 84992K, 100% used [0x00000000d5c00000,0x00000000daf00000,0x00000000daf00000)
  from space 132096K, 64% used [0x00000000daf00000,0x00000000e0230000,0x00000000e3000000)
  to   space 133120K, 0% used [0x00000000e4b00000,0x00000000e4b00000,0x00000000ecd00000)
 ParOldGen       total 551424K, used 369375K [0x0000000081400000, 0x00000000a2e80000, 0x00000000d5c00000)
  object space 551424K, 66% used [0x0000000081400000,0x0000000097cb7e90,0x00000000a2e80000)
 Metaspace       used 2598K, capacity 4494K, committed 4864K, reserved 1056768K
  class space    used 288K, capacity 386K, committed 512K, reserved 1048576K
Event: 7.531 GC heap after
Heap after GC invocations=11 (full 3):
 PSYoungGen      total 207360K, used 133120K [0x00000000d5c00000, 0x00000000f2080000, 0x0000000100000000)
  eden space 74240K, 0% used [0x00000000d5c00000,0x00000000d5c00000,0x00000000da480000)
  from space 133120K, 100% used [0x00000000e4b00000,0x00000000ecd00000,0x00000000ecd00000)
  to   space 170496K, 0% used [0x00000000da480000,0x00000000da480000,0x00000000e4b00000)
 ParOldGen       total 551424K, used 406591K [0x0000000081400000, 0x00000000a2e80000, 0x00000000d5c00000)
  object space 551424K, 73% used [0x0000000081400000,0x000000009a10fe90,0x00000000a2e80000)
 Metaspace       used 2598K, capacity 4494K, committed 4864K, reserved 1056768K
  class space    used 288K, capacity 386K, committed 512K, reserved 1048576K
}
Event: 7.608 GC heap before
{Heap before GC invocations=12 (full 3):
 PSYoungGen      total 207360K, used 207360K [0x00000000d5c00000, 0x00000000f2080000, 0x0000000100000000)
  eden space 74240K, 100% used [0x00000000d5c00000,0x00000000da480000,0x00000000da480000)
  from space 133120K, 100% used [0x00000000e4b00000,0x00000000ecd00000,0x00000000ecd00000)
  to   space 170496K, 0% used [0x00000000da480000,0x00000000da480000,0x00000000e4b00000)
 ParOldGen       total 551424K, used 406591K [0x0000000081400000, 0x00000000a2e80000, 0x00000000d5c00000)
  object space 551424K, 73% used [0x0000000081400000,0x000000009a10fe90,0x00000000a2e80000)
 Metaspace       used 2598K, capacity 4494K, committed 4864K, reserved 1056768K
  class space    used 288K, capacity 386K, committed 512K, reserved 1048576K
Event: 8.546 GC heap after
Heap after GC invocations=12 (full 3):
 PSYoungGen      total 244736K, used 170496K [0x00000000d5c00000, 0x00000000f5b00000, 0x0000000100000000)
  eden space 74240K, 0% used [0x00000000d5c00000,0x00000000d5c00000,0x00000000da480000)
  from space 170496K, 100% used [0x00000000da480000,0x00000000e4b00000,0x00000000e4b00000)
  to   space 211968K, 0% used [0x00000000e8c00000,0x00000000e8c00000,0x00000000f5b00000)
 ParOldGen       total 551424K, used 443647K [0x0000000081400000, 0x00000000a2e80000, 0x00000000d5c00000)
  object space 551424K, 80% used [0x0000000081400000,0x000000009c53fe90,0x00000000a2e80000)
 Metaspace       used 2598K, capacity 4494K, committed 4864K, reserved 1056768K
  class space    used 288K, capacity 386K, committed 512K, reserved 1048576K
}
Event: 8.556 GC heap before
{Heap before GC invocations=13 (full 3):
 PSYoungGen      total 244736K, used 179398K [0x00000000d5c00000, 0x00000000f5b00000, 0x0000000100000000)
  eden space 74240K, 11% used [0x00000000d5c00000,0x00000000d64b19e8,0x00000000da480000)
  from space 170496K, 100% used [0x00000000da480000,0x00000000e4b00000,0x00000000e4b00000)
  to   space 211968K, 0% used [0x00000000e8c00000,0x00000000e8c00000,0x00000000f5b00000)
 ParOldGen       total 551424K, used 443647K [0x0000000081400000, 0x00000000a2e80000, 0x00000000d5c00000)
  object space 551424K, 80% used [0x0000000081400000,0x000000009c53fe90,0x00000000a2e80000)
 Metaspace       used 2598K, capacity 4494K, committed 4864K, reserved 1056768K
  class space    used 288K, capacity 386K, committed 512K, reserved 1048576K
Event: 9.360 GC heap after
Heap after GC invocations=13 (full 3):
 PSYoungGen      total 292864K, used 179232K [0x00000000d5c00000, 0x00000000f8380000, 0x0000000100000000)
  eden space 80896K, 0% used [0x00000000d5c00000,0x00000000d5c00000,0x00000000dab00000)
  from space 211968K, 84% used [0x00000000e8c00000,0x00000000f3b08000,0x00000000f5b00000)
  to   space 230400K, 0% used [0x00000000dab00000,0x00000000dab00000,0x00000000e8c00000)
 ParOldGen       total 551424K, used 443647K [0x0000000081400000, 0x00000000a2e80000, 0x00000000d5c00000)
  object space 551424K, 80% used [0x0000000081400000,0x000000009c53fe90,0x00000000a2e80000)
 Metaspace       used 2598K, capacity 4494K, committed 4864K, reserved 1056768K
  class space    used 288K, capacity 386K, committed 512K, reserved 1048576K
}
Event: 9.360 GC heap before
{Heap before GC invocations=14 (full 3):
 PSYoungGen      total 292864K, used 179232K [0x00000000d5c00000, 0x00000000f8380000, 0x0000000100000000)
  eden space 80896K, 0% used [0x00000000d5c00000,0x00000000d5c00000,0x00000000dab00000)
  from space 211968K, 84% used [0x00000000e8c00000,0x00000000f3b08000,0x00000000f5b00000)
  to   space 230400K, 0% used [0x00000000dab00000,0x00000000dab00000,0x00000000e8c00000)
 ParOldGen       total 551424K, used 443647K [0x0000000081400000, 0x00000000a2e80000, 0x00000000d5c00000)
  object space 551424K, 80% used [0x0000000081400000,0x000000009c53fe90,0x00000000a2e80000)
 Metaspace       used 2598K, capacity 4494K, committed 4864K, reserved 1056768K
  class space    used 288K, capacity 386K, committed 512K, reserved 1048576K

